<?xml version="1.0" encoding="UTF-8"?>
<coverage generated="1764119719502" clover="3.2.0">
  <project timestamp="1764119719502" name="All files">
    <metrics statements="17" coveredstatements="16" conditionals="6" coveredconditionals="6" methods="5" coveredmethods="4" elements="28" coveredelements="26" complexity="0" loc="17" ncloc="17" packages="1" files="4" classes="4"/>
    <file name="getLevel.js" path="/Users/vadimgushchin/Desktop/JS/ajs-homeworks/test-ci/src/js/getLevel.js">
      <metrics statements="6" coveredstatements="6" conditionals="2" coveredconditionals="2" methods="1" coveredmethods="1"/>
      <line num="1" count="1" type="stmt"/>
      <line num="4" count="2" type="stmt"/>
      <line num="6" count="2" type="cond" truecount="2" falsecount="0"/>
      <line num="7" count="1" type="stmt"/>
      <line num="10" count="1" type="stmt"/>
      <line num="13" count="1" type="stmt"/>
    </file>
    <file name="healthStatus.js" path="/Users/vadimgushchin/Desktop/JS/ajs-homeworks/test-ci/src/js/healthStatus.js">
      <metrics statements="7" coveredstatements="7" conditionals="4" coveredconditionals="4" methods="1" coveredmethods="1"/>
      <line num="3" count="7" type="stmt"/>
      <line num="5" count="7" type="cond" truecount="2" falsecount="0"/>
      <line num="6" count="1" type="stmt"/>
      <line num="7" count="6" type="cond" truecount="2" falsecount="0"/>
      <line num="8" count="3" type="stmt"/>
      <line num="10" count="3" type="stmt"/>
      <line num="14" count="1" type="stmt"/>
    </file>
    <file name="http.js" path="/Users/vadimgushchin/Desktop/JS/ajs-homeworks/test-ci/src/js/http.js">
      <metrics statements="2" coveredstatements="1" conditionals="0" coveredconditionals="0" methods="1" coveredmethods="0"/>
      <line num="2" count="0" type="stmt"/>
      <line num="5" count="1" type="stmt"/>
    </file>
    <file name="sortHeroes.js" path="/Users/vadimgushchin/Desktop/JS/ajs-homeworks/test-ci/src/js/sortHeroes.js">
      <metrics statements="2" coveredstatements="2" conditionals="0" coveredconditionals="0" methods="2" coveredmethods="2"/>
      <line num="2" count="5" type="stmt"/>
      <line num="5" count="1" type="stmt"/>
    </file>
  </project>
</coverage>
