{"/Users/vadimgushchin/Desktop/JS/ajs-homeworks/test-ci/src/js/healthStatus.js": {"path":"/Users/vadimgushchin/Desktop/JS/ajs-homeworks/test-ci/src/js/healthStatus.js","statementMap":{"0":{"start":{"line":3,"column":21},"end":{"line":3,"column":30}},"1":{"start":{"line":5,"column":2},"end":{"line":11,"column":3}},"2":{"start":{"line":6,"column":4},"end":{"line":6,"column":21}},"3":{"start":{"line":7,"column":9},"end":{"line":11,"column":3}},"4":{"start":{"line":8,"column":4},"end":{"line":8,"column":21}},"5":{"start":{"line":10,"column":4},"end":{"line":10,"column":22}},"6":{"start":{"line":14,"column":0},"end":{"line":14,"column":37}}},"fnMap":{"0":{"name":"getHealthStatus","decl":{"start":{"line":2,"column":9},"end":{"line":2,"column":24}},"loc":{"start":{"line":2,"column":36},"end":{"line":12,"column":1}},"line":2}},"branchMap":{"0":{"loc":{"start":{"line":5,"column":2},"end":{"line":11,"column":3}},"type":"if","locations":[{"start":{"line":5,"column":2},"end":{"line":11,"column":3}},{"start":{"line":7,"column":9},"end":{"line":11,"column":3}}],"line":5},"1":{"loc":{"start":{"line":7,"column":9},"end":{"line":11,"column":3}},"type":"if","locations":[{"start":{"line":7,"column":9},"end":{"line":11,"column":3}},{"start":{"line":9,"column":9},"end":{"line":11,"column":3}}],"line":7}},"s":{"0":7,"1":7,"2":1,"3":6,"4":3,"5":3,"6":1},"f":{"0":7},"b":{"0":[1,6],"1":[3,3]},"_coverageSchema":"1a1c01bbd47fc00a2c39e90264f33305004495a9","hash":"f7ad057316c14541c0a7bbd118394e3e782c7127"}
,"/Users/vadimgushchin/Desktop/JS/ajs-homeworks/test-ci/src/js/sortHeroes.js": {"path":"/Users/vadimgushchin/Desktop/JS/ajs-homeworks/test-ci/src/js/sortHeroes.js","statementMap":{"0":{"start":{"line":2,"column":2},"end":{"line":2,"column":57}},"1":{"start":{"line":2,"column":36},"end":{"line":2,"column":55}},"2":{"start":{"line":5,"column":0},"end":{"line":5,"column":40}}},"fnMap":{"0":{"name":"sortHeroesByHealth","decl":{"start":{"line":1,"column":9},"end":{"line":1,"column":27}},"loc":{"start":{"line":1,"column":36},"end":{"line":3,"column":1}},"line":1},"1":{"name":"(anonymous_1)","decl":{"start":{"line":2,"column":26},"end":{"line":2,"column":27}},"loc":{"start":{"line":2,"column":36},"end":{"line":2,"column":55}},"line":2}},"branchMap":{},"s":{"0":4,"1":5,"2":1},"f":{"0":4,"1":5},"b":{},"_coverageSchema":"1a1c01bbd47fc00a2c39e90264f33305004495a9","hash":"3814fad11787f63e442e3d6582f90efa711b29ff"}
}
