TN:
SF:src/js/getLevel.js
FN:3,getLevel
FNF:1
FNH:1
FNDA:2,getLevel
DA:1,1
DA:4,2
DA:6,2
DA:7,1
DA:10,1
DA:13,1
LF:6
LH:6
BRDA:6,0,0,1
BRDA:6,0,1,1
BRF:2
BRH:2
end_of_record
TN:
SF:src/js/healthStatus.js
FN:2,getHealthStatus
FNF:1
FNH:1
FNDA:7,getHealthStatus
DA:3,7
DA:5,7
DA:6,1
DA:7,6
DA:8,3
DA:10,3
DA:14,1
LF:7
LH:7
BRDA:5,0,0,1
BRDA:5,0,1,6
BRDA:7,1,0,3
BRDA:7,1,1,3
BRF:4
BRH:4
end_of_record
TN:
SF:src/js/http.js
FN:1,fetchData
FNF:1
FNH:0
FNDA:0,fetchData
DA:2,0
DA:5,1
LF:2
LH:1
BRF:0
BRH:0
end_of_record
TN:
SF:src/js/sortHeroes.js
FN:1,sortHeroesByHealth
FN:2,(anonymous_1)
FNF:2
FNH:2
FNDA:4,sortHeroesByHealth
FNDA:5,(anonymous_1)
DA:2,5
DA:5,1
LF:2
LH:2
BRF:0
BRH:0
end_of_record
